2018-06-21 19:05:55,144 [Worker-2] INFO  c.g.t.t.d.PublishedGradleVersions - Gradle version information cache is up-to-date. Trying to read.
2018-06-21 20:45:17,324 [Worker-13] INFO  c.g.t.t.d.PublishedGradleVersions - Gradle version information cache is up-to-date. Trying to read.
2018-06-21 22:56:22,853 [Worker-5] INFO  c.g.t.t.d.PublishedGradleVersions - Gradle version information cache is up-to-date. Trying to read.
2018-06-22 19:03:43,182 [Worker-4] INFO  c.g.t.t.d.PublishedGradleVersions - Gradle version information cache is out-of-date. Trying to update.
2018-06-22 21:35:51,171 [Worker-0] INFO  c.g.t.t.d.PublishedGradleVersions - Gradle version information cache is up-to-date. Trying to read.
2018-06-22 21:39:34,357 [Worker-2] INFO  c.g.t.t.d.PublishedGradleVersions - Gradle version information cache is up-to-date. Trying to read.
2018-06-22 21:46:39,685 [Worker-5] INFO  c.g.t.t.d.PublishedGradleVersions - Gradle version information cache is up-to-date. Trying to read.
2018-06-22 23:38:01,619 [Worker-4] INFO  c.g.t.t.d.PublishedGradleVersions - Gradle version information cache is up-to-date. Trying to read.
2018-06-22 23:42:15,813 [Worker-2] INFO  c.g.t.t.d.PublishedGradleVersions - Gradle version information cache is up-to-date. Trying to read.
2018-06-22 23:50:00,516 [Worker-6] INFO  c.g.t.t.d.PublishedGradleVersions - Gradle version information cache is up-to-date. Trying to read.
2018-06-23 19:37:27,382 [Worker-0] INFO  c.g.t.t.d.PublishedGradleVersions - Gradle version information cache is out-of-date. Trying to update.
2018-06-23 20:02:35,536 [Start Help Server] INFO  org.eclipse.jetty.util.log - Logging initialized @1521041ms to org.eclipse.jetty.util.log.Slf4jLog
2018-06-23 20:02:35,651 [Start Help Server] INFO  org.eclipse.jetty.server.Server - jetty-9.4.8.v20171121, build timestamp: 2017-11-21T13:27:37-08:00, git hash: 82b8fb23f757335bb3329d540ce37a2a2615f0a8
2018-06-23 20:02:35,666 [Start Help Server] INFO  org.eclipse.jetty.server.session - DefaultSessionIdManager workerName=node0
2018-06-23 20:02:35,666 [Start Help Server] INFO  org.eclipse.jetty.server.session - No SessionScavenger set, using defaults
2018-06-23 20:02:35,666 [Start Help Server] INFO  org.eclipse.jetty.server.session - Scavenging every 660000ms
2018-06-23 20:02:35,683 [Start Help Server] INFO  o.e.j.server.handler.ContextHandler - Started o.e.j.s.ServletContextHandler@3d7e9884{/help,null,AVAILABLE}
2018-06-23 20:02:35,701 [Start Help Server] INFO  o.e.jetty.server.AbstractConnector - Started ServerConnector@25bac713{HTTP/1.1,[http/1.1]}{127.0.0.1:49542}
2018-06-23 20:02:35,702 [Start Help Server] INFO  org.eclipse.jetty.server.Server - Started @1521207ms
2018-06-23 21:09:06,560 [Stop Help Server] INFO  o.e.jetty.server.AbstractConnector - Stopped ServerConnector@25bac713{HTTP/1.1,[http/1.1]}{127.0.0.1:0}
2018-06-23 21:09:06,560 [Stop Help Server] INFO  org.eclipse.jetty.server.session - Stopped scavenging
2018-06-23 21:09:06,565 [Stop Help Server] INFO  o.e.j.server.handler.ContextHandler - Stopped o.e.j.s.ServletContextHandler@3d7e9884{/help,null,UNAVAILABLE}
2018-06-24 19:40:19,212 [Worker-1] INFO  c.g.t.t.d.PublishedGradleVersions - Gradle version information cache is out-of-date. Trying to update.
2018-06-25 00:47:27,156 [Worker-4] INFO  c.g.t.t.d.PublishedGradleVersions - Gradle version information cache is up-to-date. Trying to read.
2018-06-25 01:29:49,803 [Worker-0] INFO  c.g.t.t.d.PublishedGradleVersions - Gradle version information cache is up-to-date. Trying to read.
2018-06-25 02:03:57,032 [Worker-0] INFO  c.g.t.t.d.PublishedGradleVersions - Gradle version information cache is up-to-date. Trying to read.
2018-06-25 17:23:39,215 [Worker-1] INFO  c.g.t.t.d.PublishedGradleVersions - Gradle version information cache is up-to-date. Trying to read.
2018-06-25 21:08:20,511 [Worker-1] INFO  c.g.t.t.d.PublishedGradleVersions - Gradle version information cache is out-of-date. Trying to update.
2018-06-26 14:13:46,618 [Worker-1] INFO  c.g.t.t.d.PublishedGradleVersions - Gradle version information cache is up-to-date. Trying to read.
2018-06-26 14:38:22,911 [Worker-1] INFO  c.g.t.t.d.PublishedGradleVersions - Gradle version information cache is up-to-date. Trying to read.
2018-06-27 00:38:46,260 [Worker-4] INFO  c.g.t.t.d.PublishedGradleVersions - Gradle version information cache is out-of-date. Trying to update.
2018-06-27 14:00:15,097 [Worker-2] INFO  c.g.t.t.d.PublishedGradleVersions - Gradle version information cache is up-to-date. Trying to read.
2018-06-27 15:52:49,324 [Worker-6] INFO  c.g.t.t.d.PublishedGradleVersions - Gradle version information cache is up-to-date. Trying to read.
2018-06-27 17:19:33,769 [Worker-5] INFO  c.g.t.t.d.PublishedGradleVersions - Gradle version information cache is up-to-date. Trying to read.
2018-06-27 21:05:48,245 [Worker-5] INFO  c.g.t.t.d.PublishedGradleVersions - Gradle version information cache is up-to-date. Trying to read.
2018-06-28 18:19:30,330 [Worker-2] INFO  c.g.t.t.d.PublishedGradleVersions - Gradle version information cache is out-of-date. Trying to update.
2018-06-28 20:33:22,226 [Start Help Server] INFO  org.eclipse.jetty.util.log - Logging initialized @8053247ms to org.eclipse.jetty.util.log.Slf4jLog
2018-06-28 20:33:22,340 [Start Help Server] INFO  org.eclipse.jetty.server.Server - jetty-9.4.8.v20171121, build timestamp: 2017-11-21T13:27:37-08:00, git hash: 82b8fb23f757335bb3329d540ce37a2a2615f0a8
2018-06-28 20:33:22,355 [Start Help Server] INFO  org.eclipse.jetty.server.session - DefaultSessionIdManager workerName=node0
2018-06-28 20:33:22,355 [Start Help Server] INFO  org.eclipse.jetty.server.session - No SessionScavenger set, using defaults
2018-06-28 20:33:22,356 [Start Help Server] INFO  org.eclipse.jetty.server.session - Scavenging every 660000ms
2018-06-28 20:33:22,371 [Start Help Server] INFO  o.e.j.server.handler.ContextHandler - Started o.e.j.s.ServletContextHandler@60c5a3cb{/help,null,AVAILABLE}
2018-06-28 20:33:22,389 [Start Help Server] INFO  o.e.jetty.server.AbstractConnector - Started ServerConnector@5f15ed92{HTTP/1.1,[http/1.1]}{127.0.0.1:62362}
2018-06-28 20:33:22,390 [Start Help Server] INFO  org.eclipse.jetty.server.Server - Started @8053411ms
2018-06-29 00:10:41,087 [Stop Help Server] INFO  o.e.jetty.server.AbstractConnector - Stopped ServerConnector@5f15ed92{HTTP/1.1,[http/1.1]}{127.0.0.1:0}
2018-06-29 00:10:41,088 [Stop Help Server] INFO  org.eclipse.jetty.server.session - Stopped scavenging
2018-06-29 00:10:41,094 [Stop Help Server] INFO  o.e.j.server.handler.ContextHandler - Stopped o.e.j.s.ServletContextHandler@60c5a3cb{/help,null,UNAVAILABLE}
2018-06-29 14:23:26,990 [Worker-4] INFO  c.g.t.t.d.PublishedGradleVersions - Gradle version information cache is up-to-date. Trying to read.
2018-06-30 18:39:53,228 [Worker-5] INFO  c.g.t.t.d.PublishedGradleVersions - Gradle version information cache is out-of-date. Trying to update.
